8/11/2015 2:50:39 PM : Starting build of Index : T:\bksinprog\0 2016 HANDBOOK\Handbook CD V5\Index.pdx
8/11/2015 2:50:39 PM : Searching : T:\bksinprog\0 2016 HANDBOOK\Handbook CD V5\
8/11/2015 2:50:55 PM : Indexing 44 files
8/11/2015 2:50:56 PM : Extracting : T:\bksinprog\0 2016 HANDBOOK\Handbook CD V5\23.pdf
8/11/2015 2:50:58 PM : Extracting : T:\bksinprog\0 2016 HANDBOOK\Handbook CD V5\Cover II.pdf
8/11/2015 2:50:59 PM : Extracting : T:\bksinprog\0 2016 HANDBOOK\Handbook CD V5\21.pdf
8/11/2015 2:51:05 PM : Extracting : T:\bksinprog\0 2016 HANDBOOK\Handbook CD V5\20.pdf
8/11/2015 2:51:08 PM : Extracting : T:\bksinprog\0 2016 HANDBOOK\Handbook CD V5\30.pdf
8/11/2015 2:51:14 PM : Extracting : T:\bksinprog\0 2016 HANDBOOK\Handbook CD V5\About the Included CD-ROM.pdf
8/11/2015 2:51:15 PM : Extracting : T:\bksinprog\0 2016 HANDBOOK\Handbook CD V5\13.pdf
8/11/2015 2:51:19 PM : Extracting : T:\bksinprog\0 2016 HANDBOOK\Handbook CD V5\19.pdf
8/11/2015 2:51:21 PM : Extracting : T:\bksinprog\0 2016 HANDBOOK\Handbook CD V5\Introduction to the CD.pdf
8/11/2015 2:51:22 PM : Extracting : T:\bksinprog\0 2016 HANDBOOK\Handbook CD V5\01.pdf
8/11/2015 2:51:23 PM : Extracting : T:\bksinprog\0 2016 HANDBOOK\Handbook CD V5\10.pdf
8/11/2015 2:51:26 PM : Extracting : T:\bksinprog\0 2016 HANDBOOK\Handbook CD V5\06.pdf
8/11/2015 2:51:28 PM : Extracting : T:\bksinprog\0 2016 HANDBOOK\Handbook CD V5\2016 HF Transceiver Survey.pdf
8/11/2015 2:51:30 PM : Extracting : T:\bksinprog\0 2016 HANDBOOK\Handbook CD V5\02.pdf
8/11/2015 2:51:34 PM : Extracting : T:\bksinprog\0 2016 HANDBOOK\Handbook CD V5\11.pdf
8/11/2015 2:51:39 PM : Extracting : T:\bksinprog\0 2016 HANDBOOK\Handbook CD V5\26.pdf
8/11/2015 2:51:42 PM : Extracting : T:\bksinprog\0 2016 HANDBOOK\Handbook CD V5\14.pdf
8/11/2015 2:51:43 PM : Extracting : T:\bksinprog\0 2016 HANDBOOK\Handbook CD V5\09.pdf
8/11/2015 2:51:46 PM : Extracting : T:\bksinprog\0 2016 HANDBOOK\Handbook CD V5\07.pdf
8/11/2015 2:51:51 PM : Extracting : T:\bksinprog\0 2016 HANDBOOK\Handbook CD V5\Index.pdf
8/11/2015 2:51:53 PM : Extracting : T:\bksinprog\0 2016 HANDBOOK\Handbook CD V5\08.pdf
8/11/2015 2:51:55 PM : Extracting : T:\bksinprog\0 2016 HANDBOOK\Handbook CD V5\15.pdf
8/11/2015 2:51:58 PM : Extracting : T:\bksinprog\0 2016 HANDBOOK\Handbook CD V5\25.pdf
8/11/2015 2:52:01 PM : Extracting : T:\bksinprog\0 2016 HANDBOOK\Handbook CD V5\Cover IV.pdf
8/11/2015 2:52:02 PM : Extracting : T:\bksinprog\0 2016 HANDBOOK\Handbook CD V5\04.pdf
8/11/2015 2:52:04 PM : Extracting : T:\bksinprog\0 2016 HANDBOOK\Handbook CD V5\2016 Handbook Supplemental Files.pdf
8/11/2015 2:52:04 PM : Extracting : T:\bksinprog\0 2016 HANDBOOK\Handbook CD V5\05.pdf
8/11/2015 2:52:08 PM : Extracting : T:\bksinprog\0 2016 HANDBOOK\Handbook CD V5\Cover III.pdf
8/11/2015 2:52:08 PM : Extracting : T:\bksinprog\0 2016 HANDBOOK\Handbook CD V5\bm.pdf
8/11/2015 2:52:08 PM : Extracting : T:\bksinprog\0 2016 HANDBOOK\Handbook CD V5\31.pdf
8/11/2015 2:52:11 PM : Extracting : T:\bksinprog\0 2016 HANDBOOK\Handbook CD V5\Cover I.pdf
8/11/2015 2:52:11 PM : Extracting : T:\bksinprog\0 2016 HANDBOOK\Handbook CD V5\12.pdf
8/11/2015 2:52:14 PM : Extracting : T:\bksinprog\0 2016 HANDBOOK\Handbook CD V5\32.pdf
8/11/2015 2:52:18 PM : Extracting : T:\bksinprog\0 2016 HANDBOOK\Handbook CD V5\24.pdf
8/11/2015 2:52:22 PM : Extracting : T:\bksinprog\0 2016 HANDBOOK\Handbook CD V5\28.pdf
8/11/2015 2:52:24 PM : Extracting : T:\bksinprog\0 2016 HANDBOOK\Handbook CD V5\27.pdf
8/11/2015 2:52:28 PM : Extracting : T:\bksinprog\0 2016 HANDBOOK\Handbook CD V5\17.pdf
8/11/2015 2:52:32 PM : Extracting : T:\bksinprog\0 2016 HANDBOOK\Handbook CD V5\18.pdf
8/11/2015 2:52:33 PM : Extracting : T:\bksinprog\0 2016 HANDBOOK\Handbook CD V5\22.pdf
8/11/2015 2:52:40 PM : Extracting : T:\bksinprog\0 2016 HANDBOOK\Handbook CD V5\16.pdf
8/11/2015 2:52:42 PM : Extracting : T:\bksinprog\0 2016 HANDBOOK\Handbook CD V5\Advertising.pdf
8/11/2015 2:52:43 PM : Extracting : T:\bksinprog\0 2016 HANDBOOK\Handbook CD V5\03.pdf
8/11/2015 2:52:47 PM : Extracting : T:\bksinprog\0 2016 HANDBOOK\Handbook CD V5\Front.pdf
8/11/2015 2:52:48 PM : Extracting : T:\bksinprog\0 2016 HANDBOOK\Handbook CD V5\29.pdf
8/11/2015 2:52:52 PM : Creating Index
8/11/2015 2:53:03 PM :   Total PDF files in all directories : 44
8/11/2015 2:53:03 PM :   Total PDF attachments : 0
8/11/2015 2:53:03 PM :   Total new files : 44
8/11/2015 2:53:03 PM :   Total pages indexed : 1400
8/11/2015 2:53:03 PM :   Total number of files skipped : 0
8/11/2015 2:53:03 PM :   Total deleted files : 0
8/11/2015 2:53:03 PM : Index build successful.
