8/20/2015 10:38:49 AM : Starting build of Index : T:\bksinprog\0 2016 ANTENNA BOOK\Antenna Book CD V4\Index.pdx
8/20/2015 10:38:49 AM : Searching : T:\bksinprog\0 2016 ANTENNA BOOK\Antenna Book CD V4\
8/20/2015 10:39:00 AM : Indexing 39 files
8/20/2015 10:39:00 AM : Extracting : T:\bksinprog\0 2016 ANTENNA BOOK\Antenna Book CD V4\Cover 2.pdf
8/20/2015 10:39:00 AM : Extracting : T:\bksinprog\0 2016 ANTENNA BOOK\Antenna Book CD V4\23.pdf
8/20/2015 10:39:05 AM : Extracting : T:\bksinprog\0 2016 ANTENNA BOOK\Antenna Book CD V4\21.pdf
8/20/2015 10:39:07 AM : Extracting : T:\bksinprog\0 2016 ANTENNA BOOK\Antenna Book CD V4\Appendix.pdf
8/20/2015 10:39:07 AM : Extracting : T:\bksinprog\0 2016 ANTENNA BOOK\Antenna Book CD V4\20.pdf
8/20/2015 10:39:08 AM : Extracting : T:\bksinprog\0 2016 ANTENNA BOOK\Antenna Book CD V4\13.pdf
8/20/2015 10:39:11 AM : Extracting : T:\bksinprog\0 2016 ANTENNA BOOK\Antenna Book CD V4\19.pdf
8/20/2015 10:39:12 AM : Extracting : T:\bksinprog\0 2016 ANTENNA BOOK\Antenna Book CD V4\Introduction to the CD.pdf
8/20/2015 10:39:13 AM : Extracting : T:\bksinprog\0 2016 ANTENNA BOOK\Antenna Book CD V4\01.pdf
8/20/2015 10:39:14 AM : Extracting : T:\bksinprog\0 2016 ANTENNA BOOK\Antenna Book CD V4\10.pdf
8/20/2015 10:39:17 AM : Extracting : T:\bksinprog\0 2016 ANTENNA BOOK\Antenna Book CD V4\06.pdf
8/20/2015 10:39:21 AM : Extracting : T:\bksinprog\0 2016 ANTENNA BOOK\Antenna Book CD V4\02.pdf
8/20/2015 10:39:22 AM : Extracting : T:\bksinprog\0 2016 ANTENNA BOOK\Antenna Book CD V4\Cover 4.pdf
8/20/2015 10:39:22 AM : Extracting : T:\bksinprog\0 2016 ANTENNA BOOK\Antenna Book CD V4\11.pdf
8/20/2015 10:39:24 AM : Extracting : T:\bksinprog\0 2016 ANTENNA BOOK\Antenna Book CD V4\26.pdf
8/20/2015 10:39:27 AM : Extracting : T:\bksinprog\0 2016 ANTENNA BOOK\Antenna Book CD V4\14.pdf
8/20/2015 10:39:30 AM : Extracting : T:\bksinprog\0 2016 ANTENNA BOOK\Antenna Book CD V4\Cover 1.pdf
8/20/2015 10:39:31 AM : Extracting : T:\bksinprog\0 2016 ANTENNA BOOK\Antenna Book CD V4\09.pdf
8/20/2015 10:39:34 AM : Extracting : T:\bksinprog\0 2016 ANTENNA BOOK\Antenna Book CD V4\07.pdf
8/20/2015 10:39:35 AM : Extracting : T:\bksinprog\0 2016 ANTENNA BOOK\Antenna Book CD V4\Index.pdf
8/20/2015 10:39:36 AM : Extracting : T:\bksinprog\0 2016 ANTENNA BOOK\Antenna Book CD V4\08.pdf
8/20/2015 10:39:37 AM : Extracting : T:\bksinprog\0 2016 ANTENNA BOOK\Antenna Book CD V4\15.pdf
8/20/2015 10:39:43 AM : Extracting : T:\bksinprog\0 2016 ANTENNA BOOK\Antenna Book CD V4\25.pdf
8/20/2015 10:39:44 AM : Extracting : T:\bksinprog\0 2016 ANTENNA BOOK\Antenna Book CD V4\Cover 3.pdf
8/20/2015 10:39:44 AM : Extracting : T:\bksinprog\0 2016 ANTENNA BOOK\Antenna Book CD V4\04.pdf
8/20/2015 10:39:47 AM : Extracting : T:\bksinprog\0 2016 ANTENNA BOOK\Antenna Book CD V4\05.pdf
8/20/2015 10:39:49 AM : Extracting : T:\bksinprog\0 2016 ANTENNA BOOK\Antenna Book CD V4\bm.pdf
8/20/2015 10:39:49 AM : Extracting : T:\bksinprog\0 2016 ANTENNA BOOK\Antenna Book CD V4\12.pdf
8/20/2015 10:39:51 AM : Extracting : T:\bksinprog\0 2016 ANTENNA BOOK\Antenna Book CD V4\Supplemental Files.pdf
8/20/2015 10:39:51 AM : Extracting : T:\bksinprog\0 2016 ANTENNA BOOK\Antenna Book CD V4\24.pdf
8/20/2015 10:39:54 AM : Extracting : T:\bksinprog\0 2016 ANTENNA BOOK\Antenna Book CD V4\28.pdf
8/20/2015 10:39:55 AM : Extracting : T:\bksinprog\0 2016 ANTENNA BOOK\Antenna Book CD V4\27.pdf
8/20/2015 10:39:57 AM : Extracting : T:\bksinprog\0 2016 ANTENNA BOOK\Antenna Book CD V4\17.pdf
8/20/2015 10:39:59 AM : Extracting : T:\bksinprog\0 2016 ANTENNA BOOK\Antenna Book CD V4\18.pdf
8/20/2015 10:40:00 AM : Extracting : T:\bksinprog\0 2016 ANTENNA BOOK\Antenna Book CD V4\22.pdf
8/20/2015 10:40:04 AM : Extracting : T:\bksinprog\0 2016 ANTENNA BOOK\Antenna Book CD V4\16.pdf
8/20/2015 10:40:05 AM : Extracting : T:\bksinprog\0 2016 ANTENNA BOOK\Antenna Book CD V4\Advertising.pdf
8/20/2015 10:40:06 AM : Extracting : T:\bksinprog\0 2016 ANTENNA BOOK\Antenna Book CD V4\03.pdf
8/20/2015 10:40:11 AM : Extracting : T:\bksinprog\0 2016 ANTENNA BOOK\Antenna Book CD V4\FRONT.pdf
8/20/2015 10:40:11 AM : Creating Index
8/20/2015 10:40:16 AM :   Total PDF files in all directories : 39
8/20/2015 10:40:16 AM :   Total PDF attachments : 0
8/20/2015 10:40:16 AM :   Total new files : 39
8/20/2015 10:40:16 AM :   Total pages indexed : 986
8/20/2015 10:40:16 AM :   Total number of files skipped : 0
8/20/2015 10:40:16 AM :   Total deleted files : 0
8/20/2015 10:40:16 AM : Index build successful.
